<?xml version="1.0" encoding="UTF-8"?>
<testsuite name="MinesweeperTest" tests="1" skipped="0" failures="0" errors="0" timestamp="2020-09-11T06:09:14" hostname="DESKTOP-A82CK7U" time="3.276">
  <properties/>
  <testcase name="start" classname="MinesweeperTest" time="3.276"/>
  <system-out><![CDATA[?[1;31m
Start test 1?[0m
How many mines do you want on the field?
> 1
.........
.........
.........
X........
.........
.........
.........
.........
.........
?[1;31m
Start test 2?[0m
How many mines do you want on the field?
> 1
.........
.........
.........
.....X...
.........
.........
.........
.........
.........
?[1;31m
Start test 3?[0m
How many mines do you want on the field?
> 2
.........
.........
........X
.........
.........
.........
.........
.........
.....X...
?[1;31m
Start test 4?[0m
How many mines do you want on the field?
> 2
.........
.........
.........
.........
.........
X......X.
.........
.........
.........
?[1;31m
Start test 5?[0m
How many mines do you want on the field?
> 3
.......X.
.........
.........
.........
......X..
.........
..X......
.........
.........
?[1;31m
Start test 6?[0m
How many mines do you want on the field?
> 3
.......X.
.........
.........
.........
.........
.........
.........
.........
......X.X
?[1;31m
Start test 7?[0m
How many mines do you want on the field?
> 4
.........
.........
.........
.........
.........
X.X....X.
.........
.........
X........
?[1;31m
Start test 8?[0m
How many mines do you want on the field?
> 4
.........
.....X...
.........
.........
.........
X........
......X..
.........
.X.......
?[1;31m
Start test 9?[0m
How many mines do you want on the field?
> 5
.........
.........
.........
.........
...X.....
....X...X
.........
....X....
...X.....
?[1;31m
Start test 10?[0m
How many mines do you want on the field?
> 5
.....X...
.........
.......X.
.........
.........
.........
.........
...X....X
....X....
?[1;31m
Start test 11?[0m
How many mines do you want on the field?
> 6
.........
..X......
........X
X...X....
.X...X...
.........
.........
.........
.........
?[1;31m
Start test 12?[0m
How many mines do you want on the field?
> 6
.........
.........
.X....X..
.....X...
..X......
.........
.........
......X..
.X.......
?[1;31m
Start test 13?[0m
How many mines do you want on the field?
> 7
.X.......
.........
.......X.
....X....
.........
X.......X
......X..
.........
.X.......
?[1;31m
Start test 14?[0m
How many mines do you want on the field?
> 7
.........
.X.....X.
....X...X
....X....
.........
.....X...
..X......
.........
.........
?[1;31m
Start test 15?[0m
How many mines do you want on the field?
> 8
.........
....X....
.........
.........
X.......X
.........
X.X......
XX.......
.X.......
?[1;31m
Start test 16?[0m
How many mines do you want on the field?
> 8
.....X...
.........
X........
......X..
.........
.........
....X.X.X
.....X...
....X....
?[1;31m
Start test 17?[0m
How many mines do you want on the field?
> 9
.........
.....XX.X
....X....
..XX.X...
....X....
.........
.........
.........
.....X...
?[1;31m
Start test 18?[0m
How many mines do you want on the field?
> 9
.........
.X...X...
.........
.......X.
XX...X...
.........
....X....
...X.....
....X....
?[1;31m
Start test 19?[0m
How many mines do you want on the field?
> 10
.........
.....X...
.........
X..XXX.X.
.........
X..X.....
....X....
........X
.........
?[1;31m
Start test 20?[0m
How many mines do you want on the field?
> 10
..X....X.
.X.......
...X.X..X
..X......
.......X.
.........
.X.......
.........
...X.....
?[1;31m
Start test 21?[0m
How many mines do you want on the field?
> 11
X........
.XX......
.........
.......X.
......X..
..XX.....
X........
........X
....XX...
?[1;31m
Start test 22?[0m
How many mines do you want on the field?
> 11
X........
.........
.X....X..
.........
...X.X...
X........
.X.X.....
...X....X
.......X.
?[1;31m
Start test 23?[0m
How many mines do you want on the field?
> 12
......XX.
.X.X.....
....X....
.........
........X
..X......
XX.......
.X.......
.X.....X.
?[1;31m
Start test 24?[0m
How many mines do you want on the field?
> 12
......X.X
.......X.
...XX...X
.X...X...
.........
X........
.X.......
......X.X
.........
?[1;31m
Start test 25?[0m
How many mines do you want on the field?
> 13
.X....X..
X......X.
X...X....
.........
...X..X..
...X...X.
...XX....
.........
.X.......
?[1;31m
Start test 26?[0m
How many mines do you want on the field?
> 13
......X..
.....X..X
..X......
..X......
......X..
X.X...X..
........X
......XX.
.......X.
?[1;31m
Start test 27?[0m
How many mines do you want on the field?
> 14
.....XX..
.........
.X.......
.X....X..
.....X...
...XXX.X.
...XXX...
.........
..X......
?[1;31m
Start test 28?[0m
How many mines do you want on the field?
> 14
X.....X..
X........
..X......
........X
..X......
..XX...X.
.XX......
.........
X.....XX.
?[1;31m
Start test 29?[0m
How many mines do you want on the field?
> 15
.........
..X..X...
X........
.........
.X......X
X.....X.X
....XX.X.
.X.......
...X..X.X
?[1;31m
Start test 30?[0m
How many mines do you want on the field?
> 15
....X....
.X.....X.
.........
......X..
..X....XX
X.X....X.
.X....X..
......X..
X.X......
?[1;31m
Start test 31?[0m
How many mines do you want on the field?
> 16
.........
....XX.XX
X......X.
......X..
X..X.X...
X........
XX......X
........X
.......X.
?[1;31m
Start test 32?[0m
How many mines do you want on the field?
> 16
.X.X.....
....X..XX
....XX.X.
.........
.........
XX.......
X......X.
X........
..XX.X...
?[1;31m
Start test 33?[0m
How many mines do you want on the field?
> 17
.X...X.X.
........X
.......X.
X.....X..
...XX..X.
X.......X
.........
X..X..X..
.X.X.....
?[1;31m
Start test 34?[0m
How many mines do you want on the field?
> 17
.......X.
......X..
X........
.....XX..
.........
XXX.XX...
.X.....X.
......X..
XX..X...X
?[1;31m
Start test 35?[0m
How many mines do you want on the field?
> 18
....X...X
....X....
X.XX..X..
...X.....
...X.X...
X..X.X...
....X....
...X...X.
....X..X.
?[1;31m
Start test 36?[0m
How many mines do you want on the field?
> 18
...X..X..
X.X..X...
......X..
.X.......
..X......
.XXXX....
....X....
.X..X...X
X.......X
?[1;31m
Start test 37?[0m
How many mines do you want on the field?
> 19
...X.X...
.........
...X.X..X
..X......
..X....X.
..X..X...
X...X....
.......XX
XX..XX..X
?[1;31m
Start test 38?[0m
How many mines do you want on the field?
> 19
..X..X...
.X.X.....
.XX..X...
X.X......
......XX.
.X...X...
.X.......
.X......X
...X.XX..
?[1;31m
Start test 39?[0m
How many mines do you want on the field?
> 20
.X.......
.X..X....
....X....
.X...XX..
.....X...
..X.X..X.
.....X.XX
..X.X....
....X.XXX
?[1;31m
Start test 40?[0m
How many mines do you want on the field?
> 20
.X.X.....
...X.....
.......X.
X....XX..
XX.......
..X......
.XXX...X.
.......XX
X..X..X.X
?[1;31m
Start test 41?[0m
How many mines do you want on the field?
> 21
XX..XX.X.
.X...XX..
..X..XX..
X........
...X...X.
...X.....
...X.....
.X.......
.X.X..X.X
?[1;31m
Start test 42?[0m
How many mines do you want on the field?
> 21
......X..
.XXX.....
X.X......
X.X......
...X..X.X
.XX.XX...
..X..X.X.
........X
.X..X....
?[1;31m
Start test 43?[0m
How many mines do you want on the field?
> 22
...XX....
.XX..XXX.
.XX.XX...
X..X..X..
.X...XXX.
..X......
.....X...
.......X.
...X.....
?[1;31m
Start test 44?[0m
How many mines do you want on the field?
> 22
.........
..XX.....
..XXX....
.....X...
XX.XXXX..
..X..XXXX
......X..
......X..
X....X.X.
?[1;31m
Start test 45?[0m
How many mines do you want on the field?
> 23
...X.XXXX
X...X..X.
XX......X
.........
.....XXX.
...X..X..
..X...XX.
..X.X...X
..X......
?[1;31m
Start test 46?[0m
How many mines do you want on the field?
> 23
.........
...X.XX.X
.X...X...
X........
X...X...X
X..XXX...
.X...X...
......XX.
XXXX...X.
?[1;31m
Start test 47?[0m
How many mines do you want on the field?
> 24
.......XX
X..X...X.
....X....
X....X.XX
....XX...
X..X.....
X..X.X.X.
.XXX.X...
.X....X..
?[1;31m
Start test 48?[0m
How many mines do you want on the field?
> 24
.....X...
X..X..XX.
..X.X.X.X
.X..X...X
.X.X...X.
..XXX....
.XX...X..
...X...X.
........X
?[1;31m
Start test 49?[0m
How many mines do you want on the field?
> 25
X.X...XX.
....X....
.........
XX.X.XX..
...XX.XXX
....XX.X.
.......XX
X...X.X..
......X.X
?[1;31m
Start test 50?[0m
How many mines do you want on the field?
> 25
..XX.....
..XX.X...
X.X.X...X
XX.X..X..
XX..XX...
.X.....X.
..X.X....
XX..X....
......X..
?[1;31m
Start test 51?[0m
How many mines do you want on the field?
> 26
....X....
X.......X
..X.X.XX.
.X..X...X
.X..XXXX.
....X...X
.X..X....
.X..XX...
XX...X.X.
?[1;31m
Start test 52?[0m
How many mines do you want on the field?
> 26
..X.X..X.
..X.XX.XX
..X.X....
X........
...X..X.X
X........
.X...X...
X.....XX.
XXXXX.X..
?[1;31m
Start test 53?[0m
How many mines do you want on the field?
> 27
.....XX..
.X..X....
.X.....XX
....X....
X.XXXXX..
.......XX
X.....XXX
..X.XX.XX
.X......X
?[1;31m
Start test 54?[0m
How many mines do you want on the field?
> 27
XX....XXX
X..X.....
XX....X.X
.XX...X..
......X.X
X......X.
XX...X...
X..X..X..
.....X.XX
?[1;31m
Start test 55?[0m
How many mines do you want on the field?
> 28
.........
...X....X
.....XX..
...XXXX.X
...X.XXX.
XX...X...
X..XX....
XXX.XXX..
X..X.X...
?[1;31m
Start test 56?[0m
How many mines do you want on the field?
> 28
.XX....XX
....XX...
.XX.X.X.X
...X...XX
X..XX..X.
........X
......XX.
....XXX.X
X..X..X..
?[1;31m
Start test 57?[0m
How many mines do you want on the field?
> 29
.X..X....
X.X.X.X.X
.....X...
...X.XX..
.X.X....X
....X..XX
..X.X.X.X
X.X..XXX.
XX.X.....
?[1;31m
Start test 58?[0m
How many mines do you want on the field?
> 29
.X..X....
..X..X..X
.XXXX...X
X...X...X
.........
X...XXXX.
..X......
....X.X..
XXXX.XXXX
?[1;31m
Start test 59?[0m
How many mines do you want on the field?
> 30
.XX....X.
..X...X..
XX.X..X..
...X.X.XX
.X.X..XXX
..XX...XX
...XXX..X
..X......
XX..X....
?[1;31m
Start test 60?[0m
How many mines do you want on the field?
> 30
.X.XXXX.X
.X.......
..X.XX...
X.XX...X.
..X...X..
....X....
X....XX.X
XXXX.XXXX
........X
?[1;31m
Start test 61?[0m
How many mines do you want on the field?
> 31
.....X...
XXX.....X
XXX.X.XX.
.....XX..
......XX.
XX....XXX
.XXX....X
X.XX....X
X...XX...
?[1;31m
Start test 62?[0m
How many mines do you want on the field?
> 31
.XX.X...X
X...X...X
XX.X..XX.
.X.X.....
....X.X..
.X..X..X.
XX.X..XX.
XXX.....X
.X..X..X.
?[1;31m
Start test 63?[0m
How many mines do you want on the field?
> 32
X....X.XX
XX.XX..XX
X....X...
....XX.X.
.X.......
.....XXXX
X.X.X.X.X
...X.XX.X
...X..XX.
?[1;31m
Start test 64?[0m
How many mines do you want on the field?
> 32
X....XX..
.XX..XXX.
...X...XX
XXX......
....XX..X
..XX..XX.
X..X..XXX
.X.X....X
.X...X..X
?[1;31m
Start test 65?[0m
How many mines do you want on the field?
> 33
X.X.XXX.X
X.....X..
X.XX.XX.X
..X..X.X.
X....X..X
.X....XXX
..XX..X.X
...X.....
.X..XX..X
?[1;31m
Start test 66?[0m
How many mines do you want on the field?
> 33
..XX.X..X
X..XX..XX
XXXXX.XX.
.X.......
X....XX..
..X.XXXXX
.........
.X.X...X.
.X.X...XX
?[1;31m
Start test 67?[0m
How many mines do you want on the field?
> 34
X..XX.X..
.X.XXX..X
...X.....
....XXXXX
...X..X.X
...XXX.XX
XX.X.....
XXX....X.
XX...X..X
?[1;31m
Start test 68?[0m
How many mines do you want on the field?
> 34
X...XXXX.
.X...XXX.
..XX..XXX
..X..X...
.X....XXX
.X.XX...X
...X...X.
XX.X.X..X
.XX..X...
?[1;31m
Start test 69?[0m
How many mines do you want on the field?
> 35
X.X.X....
XX.XX.X..
X.XX.X..X
XX..XX..X
...X..X..
X.X..X...
.X....X..
X.X.X..X.
XX.XX.XX.
?[1;31m
Start test 70?[0m
How many mines do you want on the field?
> 35
.X.XX..X.
..X...X.X
..X.X....
XXXXX..X.
.X.X...XX
..X.X...X
.X....XX.
XXXXX..X.
.X..XXX..
?[1;31m
Start test 71?[0m
How many mines do you want on the field?
> 36
..XX..XXX
.X.X.X.X.
X.XX.XX.X
.XX...X.X
....XX...
X......X.
X.XXX..XX
...X.X.X.
..X..XX.X
?[1;31m
Start test 72?[0m
How many mines do you want on the field?
> 36
XXXXX....
.X.X.X.X.
X.XX..X.X
XX.X.X...
..XXXXXXX
XX.......
.XX.X..XX
X.....X..
X..X.....
?[1;31m
Start test 73?[0m
How many mines do you want on the field?
> 37
XXX..XX..
XX....XX.
.XX.X.XXX
X...X....
.X.X...X.
X.XX.....
X...XX..X
X.X.X..X.
XXX.XX.X.
?[1;31m
Start test 74?[0m
How many mines do you want on the field?
> 37
XXX...XX.
XX..XX...
XX...X.X.
X...XX..X
.XX..X...
.XX.XXXXX
..XX..XXX
X.X......
X....X..X
?[1;31m
Start test 75?[0m
How many mines do you want on the field?
> 38
.XXXXX.XX
.X..X....
XX.X..XXX
X.XXX....
.X....X.X
....X.XXX
.....X.XX
X....XXXX
X....X.XX
?[1;31m
Start test 76?[0m
How many mines do you want on the field?
> 38
X.X....XX
.XX....XX
XX.XX....
XXX.X..X.
.XX.X.XXX
X..XX..X.
..X......
X.X.XX...
.X.XXXXX.
?[1;31m
Start test 77?[0m
How many mines do you want on the field?
> 39
X.XX.X...
..X...XXX
...XXXXX.
X....XXXX
XXXX...XX
X.XX...XX
X...XX...
..XXX.XX.
..X...X..
?[1;31m
Start test 78?[0m
How many mines do you want on the field?
> 39
X.X......
.XX..X.XX
..X.X.X.X
.XXXXX...
XX.X.X...
...X.X.XX
..X.XXXXX
X..X..X..
X.X.X.XXX
?[1;31m
Start test 79?[0m
How many mines do you want on the field?
> 40
X...X....
.X.XXX.XX
.X..XX...
X..XX...X
XX.X....X
XXXXXX.X.
XXX..XXX.
.....XXX.
XXXX..X..
?[1;31m
Start test 80?[0m
How many mines do you want on the field?
> 40
.X..X..XX
.XX.X..X.
XXX.X.XXX
.XX.XXX..
X....X.XX
.X..XX..X
X...XX..X
.XX..XX.X
..X..X..X
?[1;31m
Start test 81?[0m
How many mines do you want on the field?
> 41
XX.X.....
.XX....X.
.X.X..X.X
XXXXXX..X
XXX..XXX.
X.XXX.X.X
X..XX.XX.
..X..X.X.
X..X.X..X
?[1;31m
Start test 82?[0m
How many mines do you want on the field?
> 41
......XXX
.X..XXX..
XX...XXXX
XX.XX.X.X
.X..X...X
...XXX..X
X.XXXXX..
XX.X..X.X
.XXX....X
?[1;31m
Start test 83?[0m
How many mines do you want on the field?
> 42
......XX.
X...XX..X
XX.XXX.XX
XX..XX.X.
XX...XX..
.XX.X.XXX
X......XX
X.X.XX..X
X.X.XXXX.
?[1;31m
Start test 84?[0m
How many mines do you want on the field?
> 42
X.X.XX..X
XXX...XX.
XX.XX....
X...XX..X
....X.XX.
XX.XXXX.X
..X.....X
XXX.X.XXX
.XXX..XX.
?[1;31m
Start test 85?[0m
How many mines do you want on the field?
> 43
XX.XXXXX.
.XX.X.XXX
.XXXX.X..
....X..XX
X....XX..
X..X..X.X
X.XXXXX.X
XX.X.X..X
.XX...X..
?[1;31m
Start test 86?[0m
How many mines do you want on the field?
> 43
.XXX...X.
X.XXX.XX.
..X.X.XXX
X.XXX..XX
.XXX.XX.X
.XXX..XX.
..X.X.X.X
X....X..X
..X.X.XX.
?[1;31m
Start test 87?[0m
How many mines do you want on the field?
> 44
.XX.XXXXX
.....X.XX
.X..XX.XX
XXX.XX...
XXXXXX.X.
.XX.X...X
X...XX..X
XXXX.XX..
X..X....X
?[1;31m
Start test 88?[0m
How many mines do you want on the field?
> 44
..X..XX..
X.X.XX...
...XXXX.X
X.XXXX...
.X.X.X.XX
XX..XXXX.
XXXXX..XX
.X.X.....
X.XXX.XXX
?[1;31m
Start test 89?[0m
How many mines do you want on the field?
> 45
X...X..X.
.....XXXX
XX.XXXX.X
...X.X.XX
XXXXXX..X
XX.X.XX..
X.XXX..X.
X.XXX...X
XX..X.X.X
?[1;31m
Start test 90?[0m
How many mines do you want on the field?
> 45
XX.X.XXXX
XXX..XX..
X..X.....
XX..XXXXX
X.XXXX.XX
.X.X..XX.
..X....XX
.XXX.....
.XXXX.XXX
?[1;31m
Start test 91?[0m
How many mines do you want on the field?
> 46
X..XX..XX
.XXXX...X
X.X.XX.XX
XX..X.X..
..XXXXX.X
X...XXXX.
X..X.X..X
X.XXXX.XX
XXX..X...
?[1;31m
Start test 92?[0m
How many mines do you want on the field?
> 46
.XX...XXX
XXX.X.X.X
.X...XXXX
XXXX.....
XXX..X..X
..XX.X.XX
..XXX..XX
.X....XXX
XXX.XXX.X
?[1;31m
Start test 93?[0m
How many mines do you want on the field?
> 47
.XXX.XX.X
XXX..XXXX
...XX.X.X
XXXXXX.X.
.X.....X.
..XX....X
XX...X..X
XXX...XXX
X.XXXXXXX
?[1;31m
Start test 94?[0m
How many mines do you want on the field?
> 47
.X.XX.X..
.XX.X.XX.
XXX..XXXX
.XXXXXX..
XX..X..XX
..XX..XX.
.XX.XX.XX
XX..X..X.
X.XXX.X.X
?[1;31m
Start test 95?[0m
How many mines do you want on the field?
> 48
X..X.X...
XX.X..XXX
..X.XXX.X
XXXXXX..X
XX.X....X
..X.XX.X.
X.XXX.XXX
XXX.X.XXX
...XXXX.X
?[1;31m
Start test 96?[0m
How many mines do you want on the field?
> 48
XX.X.XXXX
.X.XXXX.X
XXXXXXXXX
.X.X....X
XX.XXX...
X.X.XX..X
XX.X...X.
.XX.XXXXX
.X..X....
?[1;31m
Start test 97?[0m
How many mines do you want on the field?
> 49
X...XX.XX
XX.XXXX.X
..XX..X..
XXXXXXXX.
.XX...XX.
XXX.XXX..
X......XX
.X..X.XXX
XX.XXXXXX
?[1;31m
Start test 98?[0m
How many mines do you want on the field?
> 49
.X.XX....
...XX.X.X
.XXX.X.X.
.XXXX...X
XXXXXXXXX
X...XXXXX
XXXXXXX.X
.XXX.X...
.X.XXX..X
?[1;31m
Start test 99?[0m
How many mines do you want on the field?
> 50
.XXXXXXXX
.X.XXXXX.
..XXXX.X.
XXXX..X.X
.X..XXXXX
....XX..X
...XXXXXX
.X..XXX..
XX.XXX.X.
?[1;31m
Start test 100?[0m
How many mines do you want on the field?
> 50
X.X...XXX
X...XXXXX
..X..XX.X
X.XXX.XX.
XX.XXXX..
.XXXX.XXX
..XX..X..
XX.XXXX..
XXXXX..XX
]]></system-out>
  <system-err><![CDATA[]]></system-err>
</testsuite>
